2025-12-23 22:39:06,600 - INFO - Iniciando treinamento MLP em 2025-12-23 22:39:06
2025-12-23 22:39:06,600 - INFO - Carregando dataset...
2025-12-23 22:39:06,601 - INFO - Listando imagens no diretório: resources/celeba_subset
2025-12-23 22:39:06,604 - INFO - Encontradas 50 classes: ['person_10174', 'person_1507', 'person_156', 'person_1588', 'person_1722']...
2025-12-23 22:39:06,604 - INFO -   Classe 0 (person_10174): 10 imagens
2025-12-23 22:39:06,604 - INFO -   Classe 1 (person_1507): 10 imagens
2025-12-23 22:39:06,605 - INFO -   Classe 2 (person_156): 10 imagens
2025-12-23 22:39:06,605 - INFO -   Classe 3 (person_1588): 10 imagens
2025-12-23 22:39:06,605 - INFO -   Classe 4 (person_1722): 10 imagens
2025-12-23 22:39:06,605 - INFO -   Classe 5 (person_1907): 10 imagens
2025-12-23 22:39:06,606 - INFO -   Classe 6 (person_201): 10 imagens
2025-12-23 22:39:06,606 - INFO -   Classe 7 (person_2214): 10 imagens
2025-12-23 22:39:06,606 - INFO -   Classe 8 (person_2283): 10 imagens
2025-12-23 22:39:06,606 - INFO -   Classe 9 (person_2615): 10 imagens
2025-12-23 22:39:06,606 - INFO -   Classe 10 (person_2694): 10 imagens
2025-12-23 22:39:06,606 - INFO -   Classe 11 (person_3084): 10 imagens
2025-12-23 22:39:06,607 - INFO -   Classe 12 (person_311): 10 imagens
2025-12-23 22:39:06,607 - INFO -   Classe 13 (person_3351): 10 imagens
2025-12-23 22:39:06,607 - INFO -   Classe 14 (person_3805): 10 imagens
2025-12-23 22:39:06,607 - INFO -   Classe 15 (person_3833): 10 imagens
2025-12-23 22:39:06,607 - INFO -   Classe 16 (person_384): 10 imagens
2025-12-23 22:39:06,607 - INFO -   Classe 17 (person_3928): 10 imagens
2025-12-23 22:39:06,608 - INFO -   Classe 18 (person_3972): 10 imagens
2025-12-23 22:39:06,608 - INFO -   Classe 19 (person_4009): 10 imagens
2025-12-23 22:39:06,608 - INFO -   Classe 20 (person_4196): 10 imagens
2025-12-23 22:39:06,608 - INFO -   Classe 21 (person_423): 10 imagens
2025-12-23 22:39:06,608 - INFO -   Classe 22 (person_4469): 10 imagens
2025-12-23 22:39:06,608 - INFO -   Classe 23 (person_4523): 10 imagens
2025-12-23 22:39:06,609 - INFO -   Classe 24 (person_4565): 10 imagens
2025-12-23 22:39:06,609 - INFO -   Classe 25 (person_4730): 10 imagens
2025-12-23 22:39:06,609 - INFO -   Classe 26 (person_4791): 10 imagens
2025-12-23 22:39:06,609 - INFO -   Classe 27 (person_4909): 10 imagens
2025-12-23 22:39:06,609 - INFO -   Classe 28 (person_5025): 10 imagens
2025-12-23 22:39:06,609 - INFO -   Classe 29 (person_5088): 10 imagens
2025-12-23 22:39:06,610 - INFO -   Classe 30 (person_5120): 10 imagens
2025-12-23 22:39:06,610 - INFO -   Classe 31 (person_5393): 10 imagens
2025-12-23 22:39:06,610 - INFO -   Classe 32 (person_5421): 10 imagens
2025-12-23 22:39:06,610 - INFO -   Classe 33 (person_5518): 10 imagens
2025-12-23 22:39:06,610 - INFO -   Classe 34 (person_5950): 10 imagens
2025-12-23 22:39:06,610 - INFO -   Classe 35 (person_6186): 10 imagens
2025-12-23 22:39:06,611 - INFO -   Classe 36 (person_6621): 10 imagens
2025-12-23 22:39:06,611 - INFO -   Classe 37 (person_6629): 10 imagens
2025-12-23 22:39:06,611 - INFO -   Classe 38 (person_6630): 10 imagens
2025-12-23 22:39:06,611 - INFO -   Classe 39 (person_6838): 10 imagens
2025-12-23 22:39:06,611 - INFO -   Classe 40 (person_7027): 10 imagens
2025-12-23 22:39:06,611 - INFO -   Classe 41 (person_7114): 10 imagens
2025-12-23 22:39:06,611 - INFO -   Classe 42 (person_7703): 10 imagens
2025-12-23 22:39:06,612 - INFO -   Classe 43 (person_8737): 10 imagens
2025-12-23 22:39:06,612 - INFO -   Classe 44 (person_8819): 10 imagens
2025-12-23 22:39:06,612 - INFO -   Classe 45 (person_8866): 10 imagens
2025-12-23 22:39:06,612 - INFO -   Classe 46 (person_8911): 10 imagens
2025-12-23 22:39:06,612 - INFO -   Classe 47 (person_9601): 10 imagens
2025-12-23 22:39:06,612 - INFO -   Classe 48 (person_968): 10 imagens
2025-12-23 22:39:06,613 - INFO -   Classe 49 (person_9885): 10 imagens
2025-12-23 22:39:06,613 - INFO - Total: 500 imagens, 50 classes
2025-12-23 22:39:06,613 - INFO - Extraindo features HOG...
2025-12-23 22:39:06,613 - INFO -   Processando imagem 1/500 (0.2%)
2025-12-23 22:39:09,017 - INFO -   Processando imagem 101/500 (20.2%)
2025-12-23 22:39:11,358 - INFO -   Processando imagem 201/500 (40.2%)
2025-12-23 22:39:13,707 - INFO -   Processando imagem 301/500 (60.2%)
2025-12-23 22:39:16,042 - INFO -   Processando imagem 401/500 (80.2%)
2025-12-23 22:39:18,401 - INFO - Features extraídas: shape=(500, 34596)
2025-12-23 22:39:18,401 - INFO - Dividindo dataset...
2025-12-23 22:39:18,429 - INFO -   Treino: 280 amostras
2025-12-23 22:39:18,429 - INFO -   Validação: 70 amostras
2025-12-23 22:39:18,429 - INFO -   Teste: 150 amostras
2025-12-23 22:39:18,429 - INFO - Normalizando features...
2025-12-23 22:39:18,556 - INFO - Iniciando treinamento da MLP...
2025-12-23 22:39:18,590 - INFO - MLP inicializada: input_dim=34596, hidden_dim=128, output_dim=50, lr=0.01, epochs=100
2025-12-23 22:39:18,741 - INFO - [Epoch 001] train_loss=4.5699, train_acc=0.0286, val_loss=4.6670, val_acc=0.0000
2025-12-23 22:39:19,896 - INFO - [Epoch 010] train_loss=0.4797, train_acc=1.0000, val_loss=4.1013, val_acc=0.0857
2025-12-23 22:39:21,136 - INFO - [Epoch 020] train_loss=0.1580, train_acc=1.0000, val_loss=3.9721, val_acc=0.1143
2025-12-23 22:39:22,418 - INFO - [Epoch 030] train_loss=0.0924, train_acc=1.0000, val_loss=3.9106, val_acc=0.1143
2025-12-23 22:39:23,687 - INFO - [Epoch 040] train_loss=0.0652, train_acc=1.0000, val_loss=3.8711, val_acc=0.1143
2025-12-23 22:39:24,931 - INFO - [Epoch 050] train_loss=0.0505, train_acc=1.0000, val_loss=3.8421, val_acc=0.1143
2025-12-23 22:39:26,296 - INFO - [Epoch 060] train_loss=0.0412, train_acc=1.0000, val_loss=3.8192, val_acc=0.1143
2025-12-23 22:39:28,203 - INFO - [Epoch 070] train_loss=0.0348, train_acc=1.0000, val_loss=3.8003, val_acc=0.1286
2025-12-23 22:39:29,704 - INFO - [Epoch 080] train_loss=0.0302, train_acc=1.0000, val_loss=3.7845, val_acc=0.1286
2025-12-23 22:39:31,317 - INFO - [Epoch 090] train_loss=0.0266, train_acc=1.0000, val_loss=3.7707, val_acc=0.1286
2025-12-23 22:39:34,586 - INFO - [Epoch 100] train_loss=0.0238, train_acc=1.0000, val_loss=3.7584, val_acc=0.1286
2025-12-23 22:39:34,589 - INFO - Treinamento concluído em 16.00s
2025-12-23 22:39:34,589 - INFO - Avaliando modelo no teste...
2025-12-23 22:39:34,692 - INFO - Acurácia (teste): 0.1800
2025-12-23 22:39:34,718 - INFO - Relatório de classificação:
2025-12-23 22:39:34,719 - INFO -                 precision    recall  f1-score   support
2025-12-23 22:39:34,719 - INFO -              0     0.0000    0.0000    0.0000         3
2025-12-23 22:39:34,719 - INFO -              1     1.0000    0.6667    0.8000         3
2025-12-23 22:39:34,719 - INFO -              2     0.2500    0.6667    0.3636         3
2025-12-23 22:39:34,719 - INFO -              3     0.0000    0.0000    0.0000         3
2025-12-23 22:39:34,719 - INFO -              4     0.3333    0.3333    0.3333         3
2025-12-23 22:39:34,719 - INFO -              5     0.0000    0.0000    0.0000         3
2025-12-23 22:39:34,719 - INFO -              6     0.0000    0.0000    0.0000         3
2025-12-23 22:39:34,719 - INFO -              7     0.0000    0.0000    0.0000         3
2025-12-23 22:39:34,719 - INFO -              8     0.0000    0.0000    0.0000         3
2025-12-23 22:39:34,720 - INFO -              9     0.0000    0.0000    0.0000         3
2025-12-23 22:39:34,720 - INFO -             10     0.0000    0.0000    0.0000         3
2025-12-23 22:39:34,720 - INFO -             11     0.0000    0.0000    0.0000         3
2025-12-23 22:39:34,720 - INFO -             12     0.3333    0.3333    0.3333         3
2025-12-23 22:39:34,720 - INFO -             13     0.0000    0.0000    0.0000         3
2025-12-23 22:39:34,720 - INFO -             14     0.6667    0.6667    0.6667         3
2025-12-23 22:39:34,720 - INFO -             15     0.0000    0.0000    0.0000         3
2025-12-23 22:39:34,720 - INFO -             16     0.0000    0.0000    0.0000         3
2025-12-23 22:39:34,721 - INFO -             17     0.5000    0.3333    0.4000         3
2025-12-23 22:39:34,721 - INFO -             18     0.5000    0.6667    0.5714         3
2025-12-23 22:39:34,721 - INFO -             19     0.0000    0.0000    0.0000         3
2025-12-23 22:39:34,721 - INFO -             20     1.0000    0.6667    0.8000         3
2025-12-23 22:39:34,721 - INFO -             21     0.0000    0.0000    0.0000         3
2025-12-23 22:39:34,722 - INFO -             22     0.0000    0.0000    0.0000         3
2025-12-23 22:39:34,722 - INFO -             23     0.0000    0.0000    0.0000         3
2025-12-23 22:39:34,722 - INFO -             24     0.0000    0.0000    0.0000         3
2025-12-23 22:39:34,722 - INFO -             25     0.3333    0.3333    0.3333         3
2025-12-23 22:39:34,722 - INFO -             26     0.0000    0.0000    0.0000         3
2025-12-23 22:39:34,722 - INFO -             27     0.1538    0.6667    0.2500         3
2025-12-23 22:39:34,722 - INFO -             28     0.0588    0.3333    0.1000         3
2025-12-23 22:39:34,722 - INFO -             29     0.0000    0.0000    0.0000         3
2025-12-23 22:39:34,722 - INFO -             30     0.4000    0.6667    0.5000         3
2025-12-23 22:39:34,722 - INFO -             31     0.1429    0.3333    0.2000         3
2025-12-23 22:39:34,723 - INFO -             32     0.0000    0.0000    0.0000         3
2025-12-23 22:39:34,723 - INFO -             33     0.0000    0.0000    0.0000         3
2025-12-23 22:39:34,723 - INFO -             34     0.3333    0.3333    0.3333         3
2025-12-23 22:39:34,723 - INFO -             35     0.0000    0.0000    0.0000         3
2025-12-23 22:39:34,723 - INFO -             36     0.0000    0.0000    0.0000         3
2025-12-23 22:39:34,723 - INFO -             37     0.0000    0.0000    0.0000         3
2025-12-23 22:39:34,723 - INFO -             38     0.0000    0.0000    0.0000         3
2025-12-23 22:39:34,723 - INFO -             39     0.0769    0.3333    0.1250         3
2025-12-23 22:39:34,723 - INFO -             40     0.0000    0.0000    0.0000         3
2025-12-23 22:39:34,723 - INFO -             41     0.0000    0.0000    0.0000         3
2025-12-23 22:39:34,723 - INFO -             42     0.0000    0.0000    0.0000         3
2025-12-23 22:39:34,724 - INFO -             43     0.0000    0.0000    0.0000         3
2025-12-23 22:39:34,724 - INFO -             44     0.0000    0.0000    0.0000         3
2025-12-23 22:39:34,727 - INFO -             45     0.0000    0.0000    0.0000         3
2025-12-23 22:39:34,727 - INFO -             46     0.3333    0.3333    0.3333         3
2025-12-23 22:39:34,727 - INFO -             47     0.0000    0.0000    0.0000         3
2025-12-23 22:39:34,727 - INFO -             48     0.5000    0.3333    0.4000         3
2025-12-23 22:39:34,727 - INFO -             49     0.4286    1.0000    0.6000         3
2025-12-23 22:39:34,727 - INFO -       accuracy                         0.1800       150
2025-12-23 22:39:34,727 - INFO -      macro avg     0.1469    0.1800    0.1489       150
2025-12-23 22:39:34,727 - INFO -   weighted avg     0.1469    0.1800    0.1489       150
2025-12-23 22:39:34,727 - INFO - Salvando resultados em results_mlp...
2025-12-23 22:39:34,729 - INFO - Salvando modelo...
2025-12-23 22:39:34,755 - INFO - Salvando configuração...
2025-12-23 22:39:34,757 - INFO - Configuração salva em: results_mlp\config.txt
2025-12-23 22:39:34,757 - INFO - Processo concluído em 28.16s
