2025-12-23 14:33:11,834 - INFO - Iniciando criação do subset em 2025-12-23 14:33:11
2025-12-23 14:33:11,834 - INFO - Configuração:
2025-12-23 14:33:11,834 - INFO -   IMG_DIR: E:/Downloads/celebA/img_align_celeba
2025-12-23 14:33:11,834 - INFO -   IDENTITY_FILE: resources/annotations/identity_CelebA.txt
2025-12-23 14:33:11,834 - INFO -   OUT_DIR: resources/celeba_subset
2025-12-23 14:33:11,835 - INFO -   K_IDS: 50
2025-12-23 14:33:11,835 - INFO -   M_PER_ID: 10
2025-12-23 14:33:11,835 - INFO -   SEED: 42
2025-12-23 14:33:11,835 - INFO -   USE_SYMLINK: False
2025-12-23 14:33:11,835 - INFO - Verificando arquivos de entrada...
2025-12-23 14:33:11,836 - INFO - Arquivo de identidades encontrado: resources/annotations/identity_CelebA.txt
2025-12-23 14:33:11,836 - INFO - Diretório de imagens encontrado: E:/Downloads/celebA/img_align_celeba
2025-12-23 14:33:11,836 - INFO - Lendo arquivo de identidades...
2025-12-23 14:33:11,845 - INFO -   Processadas 10000 linhas...
2025-12-23 14:33:11,851 - INFO -   Processadas 20000 linhas...
2025-12-23 14:33:11,858 - INFO -   Processadas 30000 linhas...
2025-12-23 14:33:11,864 - INFO -   Processadas 40000 linhas...
2025-12-23 14:33:11,871 - INFO -   Processadas 50000 linhas...
2025-12-23 14:33:11,878 - INFO -   Processadas 60000 linhas...
2025-12-23 14:33:11,886 - INFO -   Processadas 70000 linhas...
2025-12-23 14:33:11,892 - INFO -   Processadas 80000 linhas...
2025-12-23 14:33:11,899 - INFO -   Processadas 90000 linhas...
2025-12-23 14:33:11,907 - INFO -   Processadas 100000 linhas...
2025-12-23 14:33:11,915 - INFO -   Processadas 110000 linhas...
2025-12-23 14:33:11,924 - INFO -   Processadas 120000 linhas...
2025-12-23 14:33:11,932 - INFO -   Processadas 130000 linhas...
2025-12-23 14:33:11,941 - INFO -   Processadas 140000 linhas...
2025-12-23 14:33:11,948 - INFO -   Processadas 150000 linhas...
2025-12-23 14:33:11,954 - INFO -   Processadas 160000 linhas...
2025-12-23 14:33:11,960 - INFO -   Processadas 170000 linhas...
2025-12-23 14:33:11,969 - INFO -   Processadas 180000 linhas...
2025-12-23 14:33:11,980 - INFO -   Processadas 190000 linhas...
2025-12-23 14:33:11,986 - INFO -   Processadas 200000 linhas...
2025-12-23 14:33:11,988 - INFO - Arquivo processado: 202599 linhas totais, 202599 linhas válidas
2025-12-23 14:33:11,988 - INFO - Total de identidades encontradas: 10177
2025-12-23 14:33:11,989 - INFO - Estatísticas de imagens por identidade:
2025-12-23 14:33:11,989 - INFO -   Mínimo: 1 imagens
2025-12-23 14:33:11,990 - INFO -   Máximo: 35 imagens
2025-12-23 14:33:11,990 - INFO -   Média: 19.9 imagens
2025-12-23 14:33:11,990 - INFO - Filtrando identidades com pelo menos 10 fotos...
2025-12-23 14:33:11,991 - INFO - Identidades candidatas (>= 10 fotos): 8369
2025-12-23 14:33:11,991 - INFO - Selecionando 50 identidades aleatoriamente...
2025-12-23 14:33:11,991 - INFO - Identidades selecionadas: [156, 201, 311, 384, 423, 968, 1507, 1588, 1722, 1907]...
2025-12-23 14:33:11,991 - INFO - Criando diretório de saída: resources/celeba_subset
2025-12-23 14:33:11,992 - INFO - Iniciando cópia/link das imagens...
2025-12-23 14:33:11,992 - INFO - Processando identidade 156 (1/50)
2025-12-23 14:33:11,992 - INFO -   Imagens disponíveis para ID 156: 25
2025-12-23 14:33:11,992 - INFO -   Imagens selecionadas: 10
2025-12-23 14:33:11,992 - INFO -   Diretório criado: resources/celeba_subset\person_156
2025-12-23 14:33:12,014 - INFO -   Identidade 156 processada: 10 imagens copiadas
2025-12-23 14:33:12,014 - INFO - Processando identidade 4565 (2/50)
2025-12-23 14:33:12,014 - INFO -   Imagens disponíveis para ID 4565: 25
2025-12-23 14:33:12,014 - INFO -   Imagens selecionadas: 10
2025-12-23 14:33:12,015 - INFO -   Diretório criado: resources/celeba_subset\person_4565
2025-12-23 14:33:12,036 - INFO -   Identidade 4565 processada: 10 imagens copiadas
2025-12-23 14:33:12,036 - INFO - Processando identidade 3805 (3/50)
2025-12-23 14:33:12,036 - INFO -   Imagens disponíveis para ID 3805: 29
2025-12-23 14:33:12,036 - INFO -   Imagens selecionadas: 10
2025-12-23 14:33:12,037 - INFO -   Diretório criado: resources/celeba_subset\person_3805
2025-12-23 14:33:12,059 - INFO -   Identidade 3805 processada: 10 imagens copiadas
2025-12-23 14:33:12,059 - INFO - Processando identidade 7114 (4/50)
2025-12-23 14:33:12,059 - INFO -   Imagens disponíveis para ID 7114: 30
2025-12-23 14:33:12,059 - INFO -   Imagens selecionadas: 10
2025-12-23 14:33:12,060 - INFO -   Diretório criado: resources/celeba_subset\person_7114
2025-12-23 14:33:12,082 - INFO -   Identidade 7114 processada: 10 imagens copiadas
2025-12-23 14:33:12,082 - INFO - Processando identidade 4469 (5/50)
2025-12-23 14:33:12,082 - INFO -   Imagens disponíveis para ID 4469: 24
2025-12-23 14:33:12,082 - INFO -   Imagens selecionadas: 10
2025-12-23 14:33:12,082 - INFO -   Diretório criado: resources/celeba_subset\person_4469
2025-12-23 14:33:12,106 - INFO -   Identidade 4469 processada: 10 imagens copiadas
2025-12-23 14:33:12,106 - INFO - Processando identidade 968 (6/50)
2025-12-23 14:33:12,106 - INFO -   Imagens disponíveis para ID 968: 20
2025-12-23 14:33:12,106 - INFO -   Imagens selecionadas: 10
2025-12-23 14:33:12,107 - INFO -   Diretório criado: resources/celeba_subset\person_968
2025-12-23 14:33:12,132 - INFO -   Identidade 968 processada: 10 imagens copiadas
2025-12-23 14:33:12,132 - INFO - Processando identidade 4196 (7/50)
2025-12-23 14:33:12,132 - INFO -   Imagens disponíveis para ID 4196: 21
2025-12-23 14:33:12,132 - INFO -   Imagens selecionadas: 10
2025-12-23 14:33:12,133 - INFO -   Diretório criado: resources/celeba_subset\person_4196
2025-12-23 14:33:12,155 - INFO -   Identidade 4196 processada: 10 imagens copiadas
2025-12-23 14:33:12,155 - INFO - Processando identidade 1907 (8/50)
2025-12-23 14:33:12,155 - INFO -   Imagens disponíveis para ID 1907: 19
2025-12-23 14:33:12,155 - INFO -   Imagens selecionadas: 10
2025-12-23 14:33:12,155 - INFO -   Diretório criado: resources/celeba_subset\person_1907
2025-12-23 14:33:12,175 - INFO -   Identidade 1907 processada: 10 imagens copiadas
2025-12-23 14:33:12,175 - INFO - Processando identidade 1588 (9/50)
2025-12-23 14:33:12,175 - INFO -   Imagens disponíveis para ID 1588: 30
2025-12-23 14:33:12,175 - INFO -   Imagens selecionadas: 10
2025-12-23 14:33:12,176 - INFO -   Diretório criado: resources/celeba_subset\person_1588
2025-12-23 14:33:12,198 - INFO -   Identidade 1588 processada: 10 imagens copiadas
2025-12-23 14:33:12,198 - INFO - Processando identidade 311 (10/50)
2025-12-23 14:33:12,199 - INFO -   Imagens disponíveis para ID 311: 28
2025-12-23 14:33:12,199 - INFO -   Imagens selecionadas: 10
2025-12-23 14:33:12,199 - INFO -   Diretório criado: resources/celeba_subset\person_311
2025-12-23 14:33:12,220 - INFO -   Identidade 311 processada: 10 imagens copiadas
2025-12-23 14:33:12,220 - INFO - Processando identidade 6621 (11/50)
2025-12-23 14:33:12,220 - INFO -   Imagens disponíveis para ID 6621: 25
2025-12-23 14:33:12,220 - INFO -   Imagens selecionadas: 10
2025-12-23 14:33:12,220 - INFO -   Diretório criado: resources/celeba_subset\person_6621
2025-12-23 14:33:12,241 - INFO -   Identidade 6621 processada: 10 imagens copiadas
2025-12-23 14:33:12,241 - INFO - Processando identidade 9885 (12/50)
2025-12-23 14:33:12,241 - INFO -   Imagens disponíveis para ID 9885: 25
2025-12-23 14:33:12,241 - INFO -   Imagens selecionadas: 10
2025-12-23 14:33:12,242 - INFO -   Diretório criado: resources/celeba_subset\person_9885
2025-12-23 14:33:12,261 - INFO -   Identidade 9885 processada: 10 imagens copiadas
2025-12-23 14:33:12,261 - INFO - Processando identidade 5518 (13/50)
2025-12-23 14:33:12,261 - INFO -   Imagens disponíveis para ID 5518: 22
2025-12-23 14:33:12,262 - INFO -   Imagens selecionadas: 10
2025-12-23 14:33:12,262 - INFO -   Diretório criado: resources/celeba_subset\person_5518
2025-12-23 14:33:12,283 - INFO -   Identidade 5518 processada: 10 imagens copiadas
2025-12-23 14:33:12,283 - INFO - Processando identidade 7703 (14/50)
2025-12-23 14:33:12,283 - INFO -   Imagens disponíveis para ID 7703: 13
2025-12-23 14:33:12,283 - INFO -   Imagens selecionadas: 10
2025-12-23 14:33:12,284 - INFO -   Diretório criado: resources/celeba_subset\person_7703
2025-12-23 14:33:12,305 - INFO -   Identidade 7703 processada: 10 imagens copiadas
2025-12-23 14:33:12,305 - INFO - Processando identidade 6629 (15/50)
2025-12-23 14:33:12,305 - INFO -   Imagens disponíveis para ID 6629: 20
2025-12-23 14:33:12,305 - INFO -   Imagens selecionadas: 10
2025-12-23 14:33:12,306 - INFO -   Diretório criado: resources/celeba_subset\person_6629
2025-12-23 14:33:12,327 - INFO -   Identidade 6629 processada: 10 imagens copiadas
2025-12-23 14:33:12,327 - INFO - Processando identidade 384 (16/50)
2025-12-23 14:33:12,327 - INFO -   Imagens disponíveis para ID 384: 28
2025-12-23 14:33:12,328 - INFO -   Imagens selecionadas: 10
2025-12-23 14:33:12,328 - INFO -   Diretório criado: resources/celeba_subset\person_384
2025-12-23 14:33:12,349 - INFO -   Identidade 384 processada: 10 imagens copiadas
2025-12-23 14:33:12,349 - INFO - Processando identidade 3928 (17/50)
2025-12-23 14:33:12,349 - INFO -   Imagens disponíveis para ID 3928: 30
2025-12-23 14:33:12,349 - INFO -   Imagens selecionadas: 10
2025-12-23 14:33:12,350 - INFO -   Diretório criado: resources/celeba_subset\person_3928
2025-12-23 14:33:12,371 - INFO -   Identidade 3928 processada: 10 imagens copiadas
2025-12-23 14:33:12,371 - INFO - Processando identidade 2283 (18/50)
2025-12-23 14:33:12,371 - INFO -   Imagens disponíveis para ID 2283: 29
2025-12-23 14:33:12,371 - INFO -   Imagens selecionadas: 10
2025-12-23 14:33:12,372 - INFO -   Diretório criado: resources/celeba_subset\person_2283
2025-12-23 14:33:12,390 - INFO -   Identidade 2283 processada: 10 imagens copiadas
2025-12-23 14:33:12,390 - INFO - Processando identidade 8866 (19/50)
2025-12-23 14:33:12,391 - INFO -   Imagens disponíveis para ID 8866: 24
2025-12-23 14:33:12,391 - INFO -   Imagens selecionadas: 10
2025-12-23 14:33:12,391 - INFO -   Diretório criado: resources/celeba_subset\person_8866
2025-12-23 14:33:12,410 - INFO -   Identidade 8866 processada: 10 imagens copiadas
2025-12-23 14:33:12,410 - INFO - Processando identidade 1722 (20/50)
2025-12-23 14:33:12,410 - INFO -   Imagens disponíveis para ID 1722: 30
2025-12-23 14:33:12,410 - INFO -   Imagens selecionadas: 10
2025-12-23 14:33:12,411 - INFO -   Diretório criado: resources/celeba_subset\person_1722
2025-12-23 14:33:12,430 - INFO -   Identidade 1722 processada: 10 imagens copiadas
2025-12-23 14:33:12,430 - INFO - Processando identidade 4730 (21/50)
2025-12-23 14:33:12,430 - INFO -   Imagens disponíveis para ID 4730: 19
2025-12-23 14:33:12,430 - INFO -   Imagens selecionadas: 10
2025-12-23 14:33:12,430 - INFO -   Diretório criado: resources/celeba_subset\person_4730
2025-12-23 14:33:12,451 - INFO -   Identidade 4730 processada: 10 imagens copiadas
2025-12-23 14:33:12,451 - INFO - Processando identidade 5950 (22/50)
2025-12-23 14:33:12,451 - INFO -   Imagens disponíveis para ID 5950: 25
2025-12-23 14:33:12,451 - INFO -   Imagens selecionadas: 10
2025-12-23 14:33:12,451 - INFO -   Diretório criado: resources/celeba_subset\person_5950
2025-12-23 14:33:12,472 - INFO -   Identidade 5950 processada: 10 imagens copiadas
2025-12-23 14:33:12,472 - INFO - Processando identidade 2214 (23/50)
2025-12-23 14:33:12,472 - INFO -   Imagens disponíveis para ID 2214: 20
2025-12-23 14:33:12,472 - INFO -   Imagens selecionadas: 10
2025-12-23 14:33:12,472 - INFO -   Diretório criado: resources/celeba_subset\person_2214
2025-12-23 14:33:12,494 - INFO -   Identidade 2214 processada: 10 imagens copiadas
2025-12-23 14:33:12,494 - INFO - Processando identidade 4523 (24/50)
2025-12-23 14:33:12,494 - INFO -   Imagens disponíveis para ID 4523: 23
2025-12-23 14:33:12,494 - INFO -   Imagens selecionadas: 10
2025-12-23 14:33:12,494 - INFO -   Diretório criado: resources/celeba_subset\person_4523
2025-12-23 14:33:12,516 - INFO -   Identidade 4523 processada: 10 imagens copiadas
2025-12-23 14:33:12,516 - INFO - Processando identidade 6186 (25/50)
2025-12-23 14:33:12,516 - INFO -   Imagens disponíveis para ID 6186: 15
2025-12-23 14:33:12,516 - INFO -   Imagens selecionadas: 10
2025-12-23 14:33:12,517 - INFO -   Diretório criado: resources/celeba_subset\person_6186
2025-12-23 14:33:12,542 - INFO -   Identidade 6186 processada: 10 imagens copiadas
2025-12-23 14:33:12,542 - INFO - Processando identidade 5120 (26/50)
2025-12-23 14:33:12,543 - INFO -   Imagens disponíveis para ID 5120: 30
2025-12-23 14:33:12,543 - INFO -   Imagens selecionadas: 10
2025-12-23 14:33:12,543 - INFO -   Diretório criado: resources/celeba_subset\person_5120
2025-12-23 14:33:12,568 - INFO -   Identidade 5120 processada: 10 imagens copiadas
2025-12-23 14:33:12,568 - INFO - Processando identidade 3351 (27/50)
2025-12-23 14:33:12,568 - INFO -   Imagens disponíveis para ID 3351: 25
2025-12-23 14:33:12,568 - INFO -   Imagens selecionadas: 10
2025-12-23 14:33:12,569 - INFO -   Diretório criado: resources/celeba_subset\person_3351
2025-12-23 14:33:12,591 - INFO -   Identidade 3351 processada: 10 imagens copiadas
2025-12-23 14:33:12,591 - INFO - Processando identidade 10174 (28/50)
2025-12-23 14:33:12,592 - INFO -   Imagens disponíveis para ID 10174: 30
2025-12-23 14:33:12,592 - INFO -   Imagens selecionadas: 10
2025-12-23 14:33:12,592 - INFO -   Diretório criado: resources/celeba_subset\person_10174
2025-12-23 14:33:12,615 - INFO -   Identidade 10174 processada: 10 imagens copiadas
2025-12-23 14:33:12,615 - INFO - Processando identidade 423 (29/50)
2025-12-23 14:33:12,615 - INFO -   Imagens disponíveis para ID 423: 29
2025-12-23 14:33:12,616 - INFO -   Imagens selecionadas: 10
2025-12-23 14:33:12,616 - INFO -   Diretório criado: resources/celeba_subset\person_423
2025-12-23 14:33:12,638 - INFO -   Identidade 423 processada: 10 imagens copiadas
2025-12-23 14:33:12,638 - INFO - Processando identidade 5088 (30/50)
2025-12-23 14:33:12,638 - INFO -   Imagens disponíveis para ID 5088: 30
2025-12-23 14:33:12,638 - INFO -   Imagens selecionadas: 10
2025-12-23 14:33:12,638 - INFO -   Diretório criado: resources/celeba_subset\person_5088
2025-12-23 14:33:12,658 - INFO -   Identidade 5088 processada: 10 imagens copiadas
2025-12-23 14:33:12,658 - INFO - Processando identidade 5025 (31/50)
2025-12-23 14:33:12,658 - INFO -   Imagens disponíveis para ID 5025: 30
2025-12-23 14:33:12,659 - INFO -   Imagens selecionadas: 10
2025-12-23 14:33:12,659 - INFO -   Diretório criado: resources/celeba_subset\person_5025
2025-12-23 14:33:12,678 - INFO -   Identidade 5025 processada: 10 imagens copiadas
2025-12-23 14:33:12,678 - INFO - Processando identidade 8911 (32/50)
2025-12-23 14:33:12,679 - INFO -   Imagens disponíveis para ID 8911: 12
2025-12-23 14:33:12,679 - INFO -   Imagens selecionadas: 10
2025-12-23 14:33:12,679 - INFO -   Diretório criado: resources/celeba_subset\person_8911
2025-12-23 14:33:12,703 - INFO -   Identidade 8911 processada: 10 imagens copiadas
2025-12-23 14:33:12,703 - INFO - Processando identidade 3084 (33/50)
2025-12-23 14:33:12,703 - INFO -   Imagens disponíveis para ID 3084: 30
2025-12-23 14:33:12,703 - INFO -   Imagens selecionadas: 10
2025-12-23 14:33:12,705 - INFO -   Diretório criado: resources/celeba_subset\person_3084
2025-12-23 14:33:12,727 - INFO -   Identidade 3084 processada: 10 imagens copiadas
2025-12-23 14:33:12,727 - INFO - Processando identidade 4791 (34/50)
2025-12-23 14:33:12,727 - INFO -   Imagens disponíveis para ID 4791: 21
2025-12-23 14:33:12,727 - INFO -   Imagens selecionadas: 10
2025-12-23 14:33:12,727 - INFO -   Diretório criado: resources/celeba_subset\person_4791
2025-12-23 14:33:12,766 - INFO -   Identidade 4791 processada: 10 imagens copiadas
2025-12-23 14:33:12,766 - INFO - Processando identidade 5421 (35/50)
2025-12-23 14:33:12,766 - INFO -   Imagens disponíveis para ID 5421: 18
2025-12-23 14:33:12,766 - INFO -   Imagens selecionadas: 10
2025-12-23 14:33:12,767 - INFO -   Diretório criado: resources/celeba_subset\person_5421
2025-12-23 14:33:12,794 - INFO -   Identidade 5421 processada: 10 imagens copiadas
2025-12-23 14:33:12,794 - INFO - Processando identidade 2694 (36/50)
2025-12-23 14:33:12,794 - INFO -   Imagens disponíveis para ID 2694: 11
2025-12-23 14:33:12,794 - INFO -   Imagens selecionadas: 10
2025-12-23 14:33:12,795 - INFO -   Diretório criado: resources/celeba_subset\person_2694
2025-12-23 14:33:12,818 - INFO -   Identidade 2694 processada: 10 imagens copiadas
2025-12-23 14:33:12,819 - INFO - Processando identidade 2615 (37/50)
2025-12-23 14:33:12,819 - INFO -   Imagens disponíveis para ID 2615: 27
2025-12-23 14:33:12,819 - INFO -   Imagens selecionadas: 10
2025-12-23 14:33:12,819 - INFO -   Diretório criado: resources/celeba_subset\person_2615
2025-12-23 14:33:12,839 - INFO -   Identidade 2615 processada: 10 imagens copiadas
2025-12-23 14:33:12,839 - INFO - Processando identidade 4009 (38/50)
2025-12-23 14:33:12,839 - INFO -   Imagens disponíveis para ID 4009: 18
2025-12-23 14:33:12,839 - INFO -   Imagens selecionadas: 10
2025-12-23 14:33:12,840 - INFO -   Diretório criado: resources/celeba_subset\person_4009
2025-12-23 14:33:12,860 - INFO -   Identidade 4009 processada: 10 imagens copiadas
2025-12-23 14:33:12,860 - INFO - Processando identidade 3972 (39/50)
2025-12-23 14:33:12,860 - INFO -   Imagens disponíveis para ID 3972: 21
2025-12-23 14:33:12,860 - INFO -   Imagens selecionadas: 10
2025-12-23 14:33:12,860 - INFO -   Diretório criado: resources/celeba_subset\person_3972
2025-12-23 14:33:12,881 - INFO -   Identidade 3972 processada: 10 imagens copiadas
2025-12-23 14:33:12,881 - INFO - Processando identidade 6838 (40/50)
2025-12-23 14:33:12,881 - INFO -   Imagens disponíveis para ID 6838: 11
2025-12-23 14:33:12,881 - INFO -   Imagens selecionadas: 10
2025-12-23 14:33:12,882 - INFO -   Diretório criado: resources/celeba_subset\person_6838
2025-12-23 14:33:12,903 - INFO -   Identidade 6838 processada: 10 imagens copiadas
2025-12-23 14:33:12,903 - INFO - Processando identidade 8819 (41/50)
2025-12-23 14:33:12,903 - INFO -   Imagens disponíveis para ID 8819: 22
2025-12-23 14:33:12,903 - INFO -   Imagens selecionadas: 10
2025-12-23 14:33:12,904 - INFO -   Diretório criado: resources/celeba_subset\person_8819
2025-12-23 14:33:12,925 - INFO -   Identidade 8819 processada: 10 imagens copiadas
2025-12-23 14:33:12,926 - INFO - Processando identidade 9601 (42/50)
2025-12-23 14:33:12,926 - INFO -   Imagens disponíveis para ID 9601: 30
2025-12-23 14:33:12,926 - INFO -   Imagens selecionadas: 10
2025-12-23 14:33:12,926 - INFO -   Diretório criado: resources/celeba_subset\person_9601
2025-12-23 14:33:12,948 - INFO -   Identidade 9601 processada: 10 imagens copiadas
2025-12-23 14:33:12,948 - INFO - Processando identidade 7027 (43/50)
2025-12-23 14:33:12,948 - INFO -   Imagens disponíveis para ID 7027: 18
2025-12-23 14:33:12,948 - INFO -   Imagens selecionadas: 10
2025-12-23 14:33:12,949 - INFO -   Diretório criado: resources/celeba_subset\person_7027
2025-12-23 14:33:12,969 - INFO -   Identidade 7027 processada: 10 imagens copiadas
2025-12-23 14:33:12,969 - INFO - Processando identidade 6630 (44/50)
2025-12-23 14:33:12,969 - INFO -   Imagens disponíveis para ID 6630: 29
2025-12-23 14:33:12,970 - INFO -   Imagens selecionadas: 10
2025-12-23 14:33:12,970 - INFO -   Diretório criado: resources/celeba_subset\person_6630
2025-12-23 14:33:12,991 - INFO -   Identidade 6630 processada: 10 imagens copiadas
2025-12-23 14:33:12,991 - INFO - Processando identidade 8737 (45/50)
2025-12-23 14:33:12,991 - INFO -   Imagens disponíveis para ID 8737: 22
2025-12-23 14:33:12,991 - INFO -   Imagens selecionadas: 10
2025-12-23 14:33:12,992 - INFO -   Diretório criado: resources/celeba_subset\person_8737
2025-12-23 14:33:13,010 - INFO -   Identidade 8737 processada: 10 imagens copiadas
2025-12-23 14:33:13,011 - INFO - Processando identidade 201 (46/50)
2025-12-23 14:33:13,011 - INFO -   Imagens disponíveis para ID 201: 12
2025-12-23 14:33:13,011 - INFO -   Imagens selecionadas: 10
2025-12-23 14:33:13,011 - INFO -   Diretório criado: resources/celeba_subset\person_201
2025-12-23 14:33:13,033 - INFO -   Identidade 201 processada: 10 imagens copiadas
2025-12-23 14:33:13,033 - INFO - Processando identidade 3833 (47/50)
2025-12-23 14:33:13,033 - INFO -   Imagens disponíveis para ID 3833: 21
2025-12-23 14:33:13,033 - INFO -   Imagens selecionadas: 10
2025-12-23 14:33:13,033 - INFO -   Diretório criado: resources/celeba_subset\person_3833
2025-12-23 14:33:13,051 - INFO -   Identidade 3833 processada: 10 imagens copiadas
2025-12-23 14:33:13,051 - INFO - Processando identidade 4909 (48/50)
2025-12-23 14:33:13,051 - INFO -   Imagens disponíveis para ID 4909: 20
2025-12-23 14:33:13,051 - INFO -   Imagens selecionadas: 10
2025-12-23 14:33:13,052 - INFO -   Diretório criado: resources/celeba_subset\person_4909
2025-12-23 14:33:13,070 - INFO -   Identidade 4909 processada: 10 imagens copiadas
2025-12-23 14:33:13,070 - INFO - Processando identidade 1507 (49/50)
2025-12-23 14:33:13,070 - INFO -   Imagens disponíveis para ID 1507: 23
2025-12-23 14:33:13,070 - INFO -   Imagens selecionadas: 10
2025-12-23 14:33:13,070 - INFO -   Diretório criado: resources/celeba_subset\person_1507
2025-12-23 14:33:13,089 - INFO -   Identidade 1507 processada: 10 imagens copiadas
2025-12-23 14:33:13,089 - INFO - Processando identidade 5393 (50/50)
2025-12-23 14:33:13,089 - INFO -   Imagens disponíveis para ID 5393: 19
2025-12-23 14:33:13,089 - INFO -   Imagens selecionadas: 10
2025-12-23 14:33:13,089 - INFO -   Diretório criado: resources/celeba_subset\person_5393
2025-12-23 14:33:13,110 - INFO -   Identidade 5393 processada: 10 imagens copiadas
2025-12-23 14:33:13,110 - INFO - ==================================================
2025-12-23 14:33:13,110 - INFO - RESUMO DA CRIAÇÃO DO SUBSET:
2025-12-23 14:33:13,110 - INFO -   Pasta de saída: resources/celeba_subset
2025-12-23 14:33:13,110 - INFO -   Identidades processadas: 50
2025-12-23 14:33:13,110 - INFO -   Imagens totais copiadas: 500
2025-12-23 14:33:13,110 - INFO -   Imagens esperadas: 500
2025-12-23 14:33:13,110 - INFO -   Método usado: Cópia
2025-12-23 14:33:13,110 - INFO -   Tempo total: 1.28s
2025-12-23 14:33:13,110 - INFO - ==================================================
