2025-12-23 22:22:43,523 - INFO - Iniciando treinamento LBP+SVM em 2025-12-23 22:22:43
2025-12-23 22:22:43,523 - INFO - Carregando dataset...
2025-12-23 22:22:43,523 - INFO - Listando imagens no diretório: resources/celeba_subset
2025-12-23 22:22:43,527 - INFO - Encontradas 50 classes: ['person_10174', 'person_1507', 'person_156', 'person_1588', 'person_1722']...
2025-12-23 22:22:43,527 - INFO -   Classe 0 (person_10174): 10 imagens
2025-12-23 22:22:43,527 - INFO -   Classe 1 (person_1507): 10 imagens
2025-12-23 22:22:43,527 - INFO -   Classe 2 (person_156): 10 imagens
2025-12-23 22:22:43,528 - INFO -   Classe 3 (person_1588): 10 imagens
2025-12-23 22:22:43,528 - INFO -   Classe 4 (person_1722): 10 imagens
2025-12-23 22:22:43,528 - INFO -   Classe 5 (person_1907): 10 imagens
2025-12-23 22:22:43,528 - INFO -   Classe 6 (person_201): 10 imagens
2025-12-23 22:22:43,529 - INFO -   Classe 7 (person_2214): 10 imagens
2025-12-23 22:22:43,529 - INFO -   Classe 8 (person_2283): 10 imagens
2025-12-23 22:22:43,529 - INFO -   Classe 9 (person_2615): 10 imagens
2025-12-23 22:22:43,529 - INFO -   Classe 10 (person_2694): 10 imagens
2025-12-23 22:22:43,529 - INFO -   Classe 11 (person_3084): 10 imagens
2025-12-23 22:22:43,530 - INFO -   Classe 12 (person_311): 10 imagens
2025-12-23 22:22:43,530 - INFO -   Classe 13 (person_3351): 10 imagens
2025-12-23 22:22:43,530 - INFO -   Classe 14 (person_3805): 10 imagens
2025-12-23 22:22:43,530 - INFO -   Classe 15 (person_3833): 10 imagens
2025-12-23 22:22:43,530 - INFO -   Classe 16 (person_384): 10 imagens
2025-12-23 22:22:43,531 - INFO -   Classe 17 (person_3928): 10 imagens
2025-12-23 22:22:43,531 - INFO -   Classe 18 (person_3972): 10 imagens
2025-12-23 22:22:43,531 - INFO -   Classe 19 (person_4009): 10 imagens
2025-12-23 22:22:43,531 - INFO -   Classe 20 (person_4196): 10 imagens
2025-12-23 22:22:43,531 - INFO -   Classe 21 (person_423): 10 imagens
2025-12-23 22:22:43,531 - INFO -   Classe 22 (person_4469): 10 imagens
2025-12-23 22:22:43,532 - INFO -   Classe 23 (person_4523): 10 imagens
2025-12-23 22:22:43,532 - INFO -   Classe 24 (person_4565): 10 imagens
2025-12-23 22:22:43,532 - INFO -   Classe 25 (person_4730): 10 imagens
2025-12-23 22:22:43,532 - INFO -   Classe 26 (person_4791): 10 imagens
2025-12-23 22:22:43,532 - INFO -   Classe 27 (person_4909): 10 imagens
2025-12-23 22:22:43,532 - INFO -   Classe 28 (person_5025): 10 imagens
2025-12-23 22:22:43,533 - INFO -   Classe 29 (person_5088): 10 imagens
2025-12-23 22:22:43,533 - INFO -   Classe 30 (person_5120): 10 imagens
2025-12-23 22:22:43,533 - INFO -   Classe 31 (person_5393): 10 imagens
2025-12-23 22:22:43,533 - INFO -   Classe 32 (person_5421): 10 imagens
2025-12-23 22:22:43,533 - INFO -   Classe 33 (person_5518): 10 imagens
2025-12-23 22:22:43,534 - INFO -   Classe 34 (person_5950): 10 imagens
2025-12-23 22:22:43,534 - INFO -   Classe 35 (person_6186): 10 imagens
2025-12-23 22:22:43,534 - INFO -   Classe 36 (person_6621): 10 imagens
2025-12-23 22:22:43,534 - INFO -   Classe 37 (person_6629): 10 imagens
2025-12-23 22:22:43,534 - INFO -   Classe 38 (person_6630): 10 imagens
2025-12-23 22:22:43,534 - INFO -   Classe 39 (person_6838): 10 imagens
2025-12-23 22:22:43,535 - INFO -   Classe 40 (person_7027): 10 imagens
2025-12-23 22:22:43,535 - INFO -   Classe 41 (person_7114): 10 imagens
2025-12-23 22:22:43,535 - INFO -   Classe 42 (person_7703): 10 imagens
2025-12-23 22:22:43,535 - INFO -   Classe 43 (person_8737): 10 imagens
2025-12-23 22:22:43,535 - INFO -   Classe 44 (person_8819): 10 imagens
2025-12-23 22:22:43,536 - INFO -   Classe 45 (person_8866): 10 imagens
2025-12-23 22:22:43,536 - INFO -   Classe 46 (person_8911): 10 imagens
2025-12-23 22:22:43,536 - INFO -   Classe 47 (person_9601): 10 imagens
2025-12-23 22:22:43,536 - INFO -   Classe 48 (person_968): 10 imagens
2025-12-23 22:22:43,536 - INFO -   Classe 49 (person_9885): 10 imagens
2025-12-23 22:22:43,536 - INFO - Total: 500 imagens, 50 classes
2025-12-23 22:22:43,537 - INFO - Extraindo features LBP...
2025-12-23 22:22:43,537 - INFO -   Processando imagem 1/500 (0.2%)
2025-12-23 22:22:44,956 - INFO -   Processando imagem 101/500 (20.2%)
2025-12-23 22:22:46,351 - INFO -   Processando imagem 201/500 (40.2%)
2025-12-23 22:22:47,767 - INFO -   Processando imagem 301/500 (60.2%)
2025-12-23 22:22:49,175 - INFO -   Processando imagem 401/500 (80.2%)
2025-12-23 22:22:50,588 - INFO - Features extraídas: shape=(500, 10)
2025-12-23 22:22:50,589 - INFO - Dividindo dataset...
2025-12-23 22:22:50,590 - INFO -   Treino: 350 amostras
2025-12-23 22:22:50,590 - INFO -   Teste: 150 amostras
2025-12-23 22:22:50,590 - INFO - Normalizando features...
2025-12-23 22:22:50,591 - INFO - Treinando modelo LinearSVC...
2025-12-23 22:22:50,606 - INFO - Treinamento concluído em 0.01s
2025-12-23 22:22:50,606 - INFO - Avaliando modelo...
2025-12-23 22:22:50,607 - INFO - Acurácia final: 0.0800
2025-12-23 22:22:50,614 - INFO - Relatório de classificação:
2025-12-23 22:22:50,614 - INFO -                 precision    recall  f1-score   support
2025-12-23 22:22:50,614 - INFO -              0     0.0000    0.0000    0.0000         3
2025-12-23 22:22:50,614 - INFO -              1     0.5000    0.3333    0.4000         3
2025-12-23 22:22:50,614 - INFO -              2     0.0000    0.0000    0.0000         3
2025-12-23 22:22:50,614 - INFO -              3     0.0000    0.0000    0.0000         3
2025-12-23 22:22:50,614 - INFO -              4     0.0000    0.0000    0.0000         3
2025-12-23 22:22:50,614 - INFO -              5     0.0000    0.0000    0.0000         3
2025-12-23 22:22:50,614 - INFO -              6     0.0000    0.0000    0.0000         3
2025-12-23 22:22:50,614 - INFO -              7     0.0000    0.0000    0.0000         3
2025-12-23 22:22:50,614 - INFO -              8     0.1429    0.3333    0.2000         3
2025-12-23 22:22:50,614 - INFO -              9     0.0000    0.0000    0.0000         3
2025-12-23 22:22:50,614 - INFO -             10     0.1111    0.3333    0.1667         3
2025-12-23 22:22:50,614 - INFO -             11     0.0000    0.0000    0.0000         3
2025-12-23 22:22:50,615 - INFO -             12     0.0000    0.0000    0.0000         3
2025-12-23 22:22:50,615 - INFO -             13     0.0000    0.0000    0.0000         3
2025-12-23 22:22:50,615 - INFO -             14     0.0000    0.0000    0.0000         3
2025-12-23 22:22:50,615 - INFO -             15     0.3333    0.6667    0.4444         3
2025-12-23 22:22:50,615 - INFO -             16     0.3333    0.3333    0.3333         3
2025-12-23 22:22:50,615 - INFO -             17     0.0000    0.0000    0.0000         3
2025-12-23 22:22:50,615 - INFO -             18     0.0000    0.0000    0.0000         3
2025-12-23 22:22:50,615 - INFO -             19     0.5000    0.3333    0.4000         3
2025-12-23 22:22:50,615 - INFO -             20     0.0000    0.0000    0.0000         3
2025-12-23 22:22:50,615 - INFO -             21     0.0000    0.0000    0.0000         3
2025-12-23 22:22:50,615 - INFO -             22     0.0000    0.0000    0.0000         3
2025-12-23 22:22:50,615 - INFO -             23     0.0000    0.0000    0.0000         3
2025-12-23 22:22:50,615 - INFO -             24     0.0000    0.0000    0.0000         3
2025-12-23 22:22:50,615 - INFO -             25     0.0000    0.0000    0.0000         3
2025-12-23 22:22:50,615 - INFO -             26     0.0000    0.0000    0.0000         3
2025-12-23 22:22:50,615 - INFO -             27     1.0000    0.3333    0.5000         3
2025-12-23 22:22:50,615 - INFO -             28     0.0000    0.0000    0.0000         3
2025-12-23 22:22:50,615 - INFO -             29     0.0000    0.0000    0.0000         3
2025-12-23 22:22:50,615 - INFO -             30     0.2500    0.6667    0.3636         3
2025-12-23 22:22:50,615 - INFO -             31     0.0000    0.0000    0.0000         3
2025-12-23 22:22:50,616 - INFO -             32     0.0000    0.0000    0.0000         3
2025-12-23 22:22:50,616 - INFO -             33     0.0000    0.0000    0.0000         3
2025-12-23 22:22:50,616 - INFO -             34     0.0000    0.0000    0.0000         3
2025-12-23 22:22:50,616 - INFO -             35     0.2857    0.6667    0.4000         3
2025-12-23 22:22:50,616 - INFO -             36     0.0000    0.0000    0.0000         3
2025-12-23 22:22:50,616 - INFO -             37     0.0000    0.0000    0.0000         3
2025-12-23 22:22:50,616 - INFO -             38     0.0000    0.0000    0.0000         3
2025-12-23 22:22:50,616 - INFO -             39     0.0000    0.0000    0.0000         3
2025-12-23 22:22:50,616 - INFO -             40     0.0000    0.0000    0.0000         3
2025-12-23 22:22:50,616 - INFO -             41     0.0000    0.0000    0.0000         3
2025-12-23 22:22:50,616 - INFO -             42     0.0000    0.0000    0.0000         3
2025-12-23 22:22:50,616 - INFO -             43     0.0000    0.0000    0.0000         3
2025-12-23 22:22:50,616 - INFO -             44     0.0000    0.0000    0.0000         3
2025-12-23 22:22:50,616 - INFO -             45     0.0000    0.0000    0.0000         3
2025-12-23 22:22:50,616 - INFO -             46     0.0000    0.0000    0.0000         3
2025-12-23 22:22:50,617 - INFO -             47     0.0000    0.0000    0.0000         3
2025-12-23 22:22:50,617 - INFO -             48     0.0000    0.0000    0.0000         3
2025-12-23 22:22:50,617 - INFO -             49     0.0000    0.0000    0.0000         3
2025-12-23 22:22:50,617 - INFO -       accuracy                         0.0800       150
2025-12-23 22:22:50,617 - INFO -      macro avg     0.0691    0.0800    0.0642       150
2025-12-23 22:22:50,617 - INFO -   weighted avg     0.0691    0.0800    0.0642       150
2025-12-23 22:22:50,617 - INFO - Salvando resultados em results_lbp...
2025-12-23 22:22:50,618 - INFO - Salvando modelo...
2025-12-23 22:22:50,619 - INFO - Salvando configuração...
2025-12-23 22:22:50,620 - INFO - Configuração salva em: results_lbp\config.txt
2025-12-23 22:22:50,620 - INFO - Processo concluído em 7.10s
2025-12-23 22:40:00,530 - INFO - Iniciando treinamento LBP+SVM em 2025-12-23 22:40:00
2025-12-23 22:40:00,530 - INFO - Carregando dataset...
2025-12-23 22:40:00,530 - INFO - Listando imagens no diretório: resources/celeba_subset
2025-12-23 22:40:00,533 - INFO - Encontradas 50 classes: ['person_10174', 'person_1507', 'person_156', 'person_1588', 'person_1722']...
2025-12-23 22:40:00,533 - INFO -   Classe 0 (person_10174): 10 imagens
2025-12-23 22:40:00,533 - INFO -   Classe 1 (person_1507): 10 imagens
2025-12-23 22:40:00,533 - INFO -   Classe 2 (person_156): 10 imagens
2025-12-23 22:40:00,534 - INFO -   Classe 3 (person_1588): 10 imagens
2025-12-23 22:40:00,534 - INFO -   Classe 4 (person_1722): 10 imagens
2025-12-23 22:40:00,534 - INFO -   Classe 5 (person_1907): 10 imagens
2025-12-23 22:40:00,534 - INFO -   Classe 6 (person_201): 10 imagens
2025-12-23 22:40:00,534 - INFO -   Classe 7 (person_2214): 10 imagens
2025-12-23 22:40:00,534 - INFO -   Classe 8 (person_2283): 10 imagens
2025-12-23 22:40:00,535 - INFO -   Classe 9 (person_2615): 10 imagens
2025-12-23 22:40:00,535 - INFO -   Classe 10 (person_2694): 10 imagens
2025-12-23 22:40:00,535 - INFO -   Classe 11 (person_3084): 10 imagens
2025-12-23 22:40:00,535 - INFO -   Classe 12 (person_311): 10 imagens
2025-12-23 22:40:00,535 - INFO -   Classe 13 (person_3351): 10 imagens
2025-12-23 22:40:00,535 - INFO -   Classe 14 (person_3805): 10 imagens
2025-12-23 22:40:00,535 - INFO -   Classe 15 (person_3833): 10 imagens
2025-12-23 22:40:00,536 - INFO -   Classe 16 (person_384): 10 imagens
2025-12-23 22:40:00,536 - INFO -   Classe 17 (person_3928): 10 imagens
2025-12-23 22:40:00,536 - INFO -   Classe 18 (person_3972): 10 imagens
2025-12-23 22:40:00,536 - INFO -   Classe 19 (person_4009): 10 imagens
2025-12-23 22:40:00,536 - INFO -   Classe 20 (person_4196): 10 imagens
2025-12-23 22:40:00,536 - INFO -   Classe 21 (person_423): 10 imagens
2025-12-23 22:40:00,537 - INFO -   Classe 22 (person_4469): 10 imagens
2025-12-23 22:40:00,537 - INFO -   Classe 23 (person_4523): 10 imagens
2025-12-23 22:40:00,537 - INFO -   Classe 24 (person_4565): 10 imagens
2025-12-23 22:40:00,537 - INFO -   Classe 25 (person_4730): 10 imagens
2025-12-23 22:40:00,537 - INFO -   Classe 26 (person_4791): 10 imagens
2025-12-23 22:40:00,537 - INFO -   Classe 27 (person_4909): 10 imagens
2025-12-23 22:40:00,538 - INFO -   Classe 28 (person_5025): 10 imagens
2025-12-23 22:40:00,538 - INFO -   Classe 29 (person_5088): 10 imagens
2025-12-23 22:40:00,538 - INFO -   Classe 30 (person_5120): 10 imagens
2025-12-23 22:40:00,538 - INFO -   Classe 31 (person_5393): 10 imagens
2025-12-23 22:40:00,538 - INFO -   Classe 32 (person_5421): 10 imagens
2025-12-23 22:40:00,538 - INFO -   Classe 33 (person_5518): 10 imagens
2025-12-23 22:40:00,539 - INFO -   Classe 34 (person_5950): 10 imagens
2025-12-23 22:40:00,539 - INFO -   Classe 35 (person_6186): 10 imagens
2025-12-23 22:40:00,539 - INFO -   Classe 36 (person_6621): 10 imagens
2025-12-23 22:40:00,539 - INFO -   Classe 37 (person_6629): 10 imagens
2025-12-23 22:40:00,539 - INFO -   Classe 38 (person_6630): 10 imagens
2025-12-23 22:40:00,539 - INFO -   Classe 39 (person_6838): 10 imagens
2025-12-23 22:40:00,539 - INFO -   Classe 40 (person_7027): 10 imagens
2025-12-23 22:40:00,540 - INFO -   Classe 41 (person_7114): 10 imagens
2025-12-23 22:40:00,540 - INFO -   Classe 42 (person_7703): 10 imagens
2025-12-23 22:40:00,540 - INFO -   Classe 43 (person_8737): 10 imagens
2025-12-23 22:40:00,540 - INFO -   Classe 44 (person_8819): 10 imagens
2025-12-23 22:40:00,540 - INFO -   Classe 45 (person_8866): 10 imagens
2025-12-23 22:40:00,540 - INFO -   Classe 46 (person_8911): 10 imagens
2025-12-23 22:40:00,541 - INFO -   Classe 47 (person_9601): 10 imagens
2025-12-23 22:40:00,541 - INFO -   Classe 48 (person_968): 10 imagens
2025-12-23 22:40:00,541 - INFO -   Classe 49 (person_9885): 10 imagens
2025-12-23 22:40:00,541 - INFO - Total: 500 imagens, 50 classes
2025-12-23 22:40:00,541 - INFO - Extraindo features LBP...
2025-12-23 22:40:00,541 - INFO -   Processando imagem 1/500 (0.2%)
2025-12-23 22:40:01,977 - INFO -   Processando imagem 101/500 (20.2%)
2025-12-23 22:40:03,350 - INFO -   Processando imagem 201/500 (40.2%)
2025-12-23 22:40:04,715 - INFO -   Processando imagem 301/500 (60.2%)
2025-12-23 22:40:06,077 - INFO -   Processando imagem 401/500 (80.2%)
2025-12-23 22:40:07,442 - INFO - Features extraídas: shape=(500, 10)
2025-12-23 22:40:07,442 - INFO - Dividindo dataset...
2025-12-23 22:40:07,444 - INFO -   Treino: 350 amostras
2025-12-23 22:40:07,444 - INFO -   Teste: 150 amostras
2025-12-23 22:40:07,444 - INFO - Normalizando features...
2025-12-23 22:40:07,445 - INFO - Treinando modelo LinearSVC...
2025-12-23 22:40:07,462 - INFO - Treinamento concluído em 0.02s
2025-12-23 22:40:07,463 - INFO - Avaliando modelo...
2025-12-23 22:40:07,464 - INFO - Acurácia treino: 0.2943
2025-12-23 22:40:07,464 - INFO - Acurácia teste: 0.0800
2025-12-23 22:40:07,471 - INFO - Relatório de classificação:
2025-12-23 22:40:07,471 - INFO -                 precision    recall  f1-score   support
2025-12-23 22:40:07,471 - INFO -              0     0.0000    0.0000    0.0000         3
2025-12-23 22:40:07,471 - INFO -              1     0.5000    0.3333    0.4000         3
2025-12-23 22:40:07,471 - INFO -              2     0.0000    0.0000    0.0000         3
2025-12-23 22:40:07,471 - INFO -              3     0.0000    0.0000    0.0000         3
2025-12-23 22:40:07,471 - INFO -              4     0.0000    0.0000    0.0000         3
2025-12-23 22:40:07,471 - INFO -              5     0.0000    0.0000    0.0000         3
2025-12-23 22:40:07,471 - INFO -              6     0.0000    0.0000    0.0000         3
2025-12-23 22:40:07,471 - INFO -              7     0.0000    0.0000    0.0000         3
2025-12-23 22:40:07,471 - INFO -              8     0.1429    0.3333    0.2000         3
2025-12-23 22:40:07,471 - INFO -              9     0.0000    0.0000    0.0000         3
2025-12-23 22:40:07,471 - INFO -             10     0.1111    0.3333    0.1667         3
2025-12-23 22:40:07,471 - INFO -             11     0.0000    0.0000    0.0000         3
2025-12-23 22:40:07,471 - INFO -             12     0.0000    0.0000    0.0000         3
2025-12-23 22:40:07,471 - INFO -             13     0.0000    0.0000    0.0000         3
2025-12-23 22:40:07,472 - INFO -             14     0.0000    0.0000    0.0000         3
2025-12-23 22:40:07,472 - INFO -             15     0.3333    0.6667    0.4444         3
2025-12-23 22:40:07,472 - INFO -             16     0.3333    0.3333    0.3333         3
2025-12-23 22:40:07,472 - INFO -             17     0.0000    0.0000    0.0000         3
2025-12-23 22:40:07,472 - INFO -             18     0.0000    0.0000    0.0000         3
2025-12-23 22:40:07,472 - INFO -             19     0.5000    0.3333    0.4000         3
2025-12-23 22:40:07,472 - INFO -             20     0.0000    0.0000    0.0000         3
2025-12-23 22:40:07,472 - INFO -             21     0.0000    0.0000    0.0000         3
2025-12-23 22:40:07,472 - INFO -             22     0.0000    0.0000    0.0000         3
2025-12-23 22:40:07,472 - INFO -             23     0.0000    0.0000    0.0000         3
2025-12-23 22:40:07,472 - INFO -             24     0.0000    0.0000    0.0000         3
2025-12-23 22:40:07,472 - INFO -             25     0.0000    0.0000    0.0000         3
2025-12-23 22:40:07,472 - INFO -             26     0.0000    0.0000    0.0000         3
2025-12-23 22:40:07,472 - INFO -             27     1.0000    0.3333    0.5000         3
2025-12-23 22:40:07,472 - INFO -             28     0.0000    0.0000    0.0000         3
2025-12-23 22:40:07,472 - INFO -             29     0.0000    0.0000    0.0000         3
2025-12-23 22:40:07,472 - INFO -             30     0.2500    0.6667    0.3636         3
2025-12-23 22:40:07,472 - INFO -             31     0.0000    0.0000    0.0000         3
2025-12-23 22:40:07,472 - INFO -             32     0.0000    0.0000    0.0000         3
2025-12-23 22:40:07,472 - INFO -             33     0.0000    0.0000    0.0000         3
2025-12-23 22:40:07,472 - INFO -             34     0.0000    0.0000    0.0000         3
2025-12-23 22:40:07,473 - INFO -             35     0.2857    0.6667    0.4000         3
2025-12-23 22:40:07,473 - INFO -             36     0.0000    0.0000    0.0000         3
2025-12-23 22:40:07,473 - INFO -             37     0.0000    0.0000    0.0000         3
2025-12-23 22:40:07,473 - INFO -             38     0.0000    0.0000    0.0000         3
2025-12-23 22:40:07,473 - INFO -             39     0.0000    0.0000    0.0000         3
2025-12-23 22:40:07,473 - INFO -             40     0.0000    0.0000    0.0000         3
2025-12-23 22:40:07,473 - INFO -             41     0.0000    0.0000    0.0000         3
2025-12-23 22:40:07,473 - INFO -             42     0.0000    0.0000    0.0000         3
2025-12-23 22:40:07,473 - INFO -             43     0.0000    0.0000    0.0000         3
2025-12-23 22:40:07,473 - INFO -             44     0.0000    0.0000    0.0000         3
2025-12-23 22:40:07,474 - INFO -             45     0.0000    0.0000    0.0000         3
2025-12-23 22:40:07,474 - INFO -             46     0.0000    0.0000    0.0000         3
2025-12-23 22:40:07,474 - INFO -             47     0.0000    0.0000    0.0000         3
2025-12-23 22:40:07,474 - INFO -             48     0.0000    0.0000    0.0000         3
2025-12-23 22:40:07,474 - INFO -             49     0.0000    0.0000    0.0000         3
2025-12-23 22:40:07,474 - INFO -       accuracy                         0.0800       150
2025-12-23 22:40:07,474 - INFO -      macro avg     0.0691    0.0800    0.0642       150
2025-12-23 22:40:07,474 - INFO -   weighted avg     0.0691    0.0800    0.0642       150
2025-12-23 22:40:07,474 - INFO - Salvando resultados em results_lbp...
2025-12-23 22:40:07,475 - INFO - Salvando modelo...
2025-12-23 22:40:07,476 - INFO - Salvando configuração...
2025-12-23 22:40:07,477 - INFO - Configuração salva em: results_lbp\config.txt
2025-12-23 22:40:07,477 - INFO - Processo concluído em 6.95s
